2023-05-24 10:50:29,399 INFO org.springframework.boot.StartupInfoLogger [restartedMain] Starting Application on MBPvonSinthella.fritz.box with PID 82202 (started by sinthellaanpalagan in /Users/sinthellaanpalagan/Library/CloudStorage/OneDrive-Swisscom/Schule/3.Jahr_2.Semester/Modul 183/SoSpriBasisProjekt_V04 2)
2023-05-24 10:50:29,409 DEBUG org.springframework.boot.StartupInfoLogger [restartedMain] Running with Spring Boot v2.2.5.RELEASE, Spring v5.2.4.RELEASE
2023-05-24 10:50:29,438 INFO org.springframework.boot.SpringApplication [restartedMain] No active profile set, falling back to default profiles: default
2023-05-24 10:50:29,490 INFO org.springframework.boot.logging.DeferredLog [restartedMain] The Class-Path manifest attribute in /Users/sinthellaanpalagan/.m2/repository/org/glassfish/jaxb/jaxb-runtime/2.3.2/jaxb-runtime-2.3.2.jar referenced one or more files that do not exist: file:/Users/sinthellaanpalagan/.m2/repository/org/glassfish/jaxb/jaxb-runtime/2.3.2/jakarta.xml.bind-api-2.3.2.jar,file:/Users/sinthellaanpalagan/.m2/repository/org/glassfish/jaxb/jaxb-runtime/2.3.2/txw2-2.3.2.jar,file:/Users/sinthellaanpalagan/.m2/repository/org/glassfish/jaxb/jaxb-runtime/2.3.2/istack-commons-runtime-3.0.8.jar,file:/Users/sinthellaanpalagan/.m2/repository/org/glassfish/jaxb/jaxb-runtime/2.3.2/stax-ex-1.8.1.jar,file:/Users/sinthellaanpalagan/.m2/repository/org/glassfish/jaxb/jaxb-runtime/2.3.2/FastInfoset-1.2.16.jar,file:/Users/sinthellaanpalagan/.m2/repository/org/glassfish/jaxb/jaxb-runtime/2.3.2/jakarta.activation-api-1.2.1.jar
2023-05-24 10:50:29,491 INFO org.springframework.boot.logging.DeferredLog [restartedMain] Devtools property defaults active! Set 'spring.devtools.add-properties' to 'false' to disable
2023-05-24 10:50:29,491 INFO org.springframework.boot.logging.DeferredLog [restartedMain] For additional web related logging consider setting the 'logging.level.web' property to 'DEBUG'
2023-05-24 10:50:30,869 INFO org.springframework.data.repository.config.RepositoryConfigurationDelegate [restartedMain] Bootstrapping Spring Data JPA repositories in DEFAULT mode.
2023-05-24 10:50:30,954 INFO org.springframework.data.repository.config.RepositoryConfigurationDelegate [restartedMain] Finished Spring Data repository scanning in 74ms. Found 2 JPA repository interfaces.
2023-05-24 10:50:31,707 INFO org.springframework.boot.web.embedded.tomcat.TomcatWebServer [restartedMain] Tomcat initialized with port(s): 8080 (http)
2023-05-24 10:50:31,716 INFO org.apache.juli.logging.DirectJDKLog [restartedMain] Initializing ProtocolHandler ["http-nio-8080"]
2023-05-24 10:50:31,717 INFO org.apache.juli.logging.DirectJDKLog [restartedMain] Starting service [Tomcat]
2023-05-24 10:50:31,717 INFO org.apache.juli.logging.DirectJDKLog [restartedMain] Starting Servlet engine: [Apache Tomcat/9.0.31]
2023-05-24 10:50:31,816 INFO org.apache.juli.logging.DirectJDKLog [restartedMain] Initializing Spring embedded WebApplicationContext
2023-05-24 10:50:31,819 INFO org.springframework.boot.web.servlet.context.ServletWebServerApplicationContext [restartedMain] Root WebApplicationContext: initialization completed in 2328 ms
2023-05-24 10:50:31,936 INFO com.zaxxer.hikari.HikariDataSource [restartedMain] HikariPool-1 - Starting...
2023-05-24 10:50:32,020 INFO com.zaxxer.hikari.HikariDataSource [restartedMain] HikariPool-1 - Start completed.
2023-05-24 10:50:32,024 INFO org.springframework.boot.autoconfigure.h2.H2ConsoleAutoConfiguration [restartedMain] H2 console available at '/h2-console/'. Database available at 'jdbc:h2:mem:chatdb'
2023-05-24 10:50:32,274 INFO org.hibernate.jpa.internal.util.LogHelper [restartedMain] HHH000204: Processing PersistenceUnitInfo [name: default]
2023-05-24 10:50:32,316 INFO org.hibernate.Version [restartedMain] HHH000412: Hibernate ORM core version 5.4.12.Final
2023-05-24 10:50:32,396 INFO org.hibernate.annotations.common.reflection.java.JavaReflectionManager [restartedMain] HCANN000001: Hibernate Commons Annotations {5.1.0.Final}
2023-05-24 10:50:32,449 INFO org.hibernate.dialect.Dialect [restartedMain] HHH000400: Using dialect: org.hibernate.dialect.H2Dialect
2023-05-24 10:50:33,118 INFO org.hibernate.engine.transaction.jta.platform.internal.JtaPlatformInitiator [restartedMain] HHH000490: Using JtaPlatform implementation: [org.hibernate.engine.transaction.jta.platform.internal.NoJtaPlatform]
2023-05-24 10:50:33,123 INFO org.springframework.orm.jpa.AbstractEntityManagerFactoryBean [restartedMain] Initialized JPA EntityManagerFactory for persistence unit 'default'
2023-05-24 10:50:33,171 INFO org.springframework.boot.devtools.autoconfigure.OptionalLiveReloadServer [restartedMain] LiveReload server is running on port 35729
2023-05-24 10:50:33,627 WARN org.springframework.boot.autoconfigure.orm.jpa.JpaBaseConfiguration$JpaWebConfiguration [restartedMain] spring.jpa.open-in-view is enabled by default. Therefore, database queries may be performed during view rendering. Explicitly configure spring.jpa.open-in-view to disable this warning
2023-05-24 10:50:33,843 INFO org.springframework.security.web.DefaultSecurityFilterChain [restartedMain] Creating filter chain: any request, [org.springframework.security.web.context.request.async.WebAsyncManagerIntegrationFilter@a64bf49, org.springframework.security.web.context.SecurityContextPersistenceFilter@4b292078, org.springframework.security.web.header.HeaderWriterFilter@ce0761c, org.springframework.security.web.csrf.CsrfFilter@8a58773, org.springframework.security.web.authentication.logout.LogoutFilter@516c09ec, org.springframework.security.oauth2.client.web.OAuth2AuthorizationRequestRedirectFilter@382ed917, org.springframework.security.oauth2.client.web.OAuth2LoginAuthenticationFilter@5c7d1e2d, org.springframework.security.web.authentication.UsernamePasswordAuthenticationFilter@4326b691, org.springframework.security.web.authentication.www.BasicAuthenticationFilter@5cd5f7e5, org.springframework.security.web.savedrequest.RequestCacheAwareFilter@569f7760, org.springframework.security.web.servletapi.SecurityContextHolderAwareRequestFilter@2961d814, org.springframework.security.web.authentication.AnonymousAuthenticationFilter@37197fc4, org.springframework.security.web.session.SessionManagementFilter@209c0812, org.springframework.security.web.access.ExceptionTranslationFilter@ee7d84b, org.springframework.security.web.access.intercept.FilterSecurityInterceptor@7c32e1d4]
2023-05-24 10:50:34,002 INFO org.springframework.scheduling.concurrent.ExecutorConfigurationSupport [restartedMain] Initializing ExecutorService 'applicationTaskExecutor'
2023-05-24 10:50:34,054 INFO org.springframework.boot.autoconfigure.web.servlet.WelcomePageHandlerMapping [restartedMain] Adding welcome page: class path resource [static/index.html]
2023-05-24 10:50:34,278 INFO org.springframework.boot.actuate.endpoint.web.EndpointLinksResolver [restartedMain] Exposing 2 endpoint(s) beneath base path '/actuator'
2023-05-24 10:50:34,336 INFO org.apache.juli.logging.DirectJDKLog [restartedMain] Starting ProtocolHandler ["http-nio-8080"]
2023-05-24 10:50:34,354 INFO org.springframework.boot.web.embedded.tomcat.TomcatWebServer [restartedMain] Tomcat started on port(s): 8080 (http) with context path ''
2023-05-24 10:50:34,359 INFO org.springframework.boot.StartupInfoLogger [restartedMain] Started Application in 5.948 seconds (JVM running for 7.316)
2023-05-24 10:50:34,702 INFO org.apache.juli.logging.DirectJDKLog [RMI TCP Connection(1)-192.168.178.87] Initializing Spring DispatcherServlet 'dispatcherServlet'
2023-05-24 10:50:34,708 INFO org.springframework.web.servlet.FrameworkServlet [RMI TCP Connection(1)-192.168.178.87] Initializing Servlet 'dispatcherServlet'
2023-05-24 10:50:34,724 INFO org.springframework.web.servlet.FrameworkServlet [RMI TCP Connection(1)-192.168.178.87] Completed initialization in 15 ms
2023-05-24 10:50:51,405 INFO org.springframework.scheduling.concurrent.ExecutorConfigurationSupport [SpringContextShutdownHook] Shutting down ExecutorService 'applicationTaskExecutor'
2023-05-24 10:50:51,409 INFO org.springframework.orm.jpa.AbstractEntityManagerFactoryBean [SpringContextShutdownHook] Closing JPA EntityManagerFactory for persistence unit 'default'
2023-05-24 10:50:51,639 WARN org.springframework.beans.factory.support.DisposableBeanAdapter [SpringContextShutdownHook] Invocation of destroy method failed on bean with name 'inMemoryDatabaseShutdownExecutor': org.h2.jdbc.JdbcSQLNonTransientConnectionException: Die Datenbank wurde bereits geschlossen (um das automatische Schliessen beim Stopp der VM zu deaktivieren, die Datenbank URL mit ";DB_CLOSE_ON_EXIT=FALSE" ergänzen)
Database is already closed (to disable automatic closing at VM shutdown, add ";DB_CLOSE_ON_EXIT=FALSE" to the db URL) [90121-200]
2023-05-24 10:50:51,641 INFO com.zaxxer.hikari.HikariDataSource [SpringContextShutdownHook] HikariPool-1 - Shutdown initiated...
2023-05-24 10:50:51,775 INFO com.zaxxer.hikari.HikariDataSource [SpringContextShutdownHook] HikariPool-1 - Shutdown completed.
2023-05-24 10:56:49,212 INFO org.springframework.boot.StartupInfoLogger [restartedMain] Starting Application on MBPvonSinthella.fritz.box with PID 82836 (started by sinthellaanpalagan in /Users/sinthellaanpalagan/Library/CloudStorage/OneDrive-Swisscom/Schule/3.Jahr_2.Semester/Modul 183/SoSpriBasisProjekt_V04 2)
2023-05-24 10:56:49,218 DEBUG org.springframework.boot.StartupInfoLogger [restartedMain] Running with Spring Boot v2.2.5.RELEASE, Spring v5.2.4.RELEASE
2023-05-24 10:56:49,219 INFO org.springframework.boot.SpringApplication [restartedMain] No active profile set, falling back to default profiles: default
2023-05-24 10:56:49,264 INFO org.springframework.boot.logging.DeferredLog [restartedMain] The Class-Path manifest attribute in /Users/sinthellaanpalagan/.m2/repository/org/glassfish/jaxb/jaxb-runtime/2.3.2/jaxb-runtime-2.3.2.jar referenced one or more files that do not exist: file:/Users/sinthellaanpalagan/.m2/repository/org/glassfish/jaxb/jaxb-runtime/2.3.2/jakarta.xml.bind-api-2.3.2.jar,file:/Users/sinthellaanpalagan/.m2/repository/org/glassfish/jaxb/jaxb-runtime/2.3.2/txw2-2.3.2.jar,file:/Users/sinthellaanpalagan/.m2/repository/org/glassfish/jaxb/jaxb-runtime/2.3.2/istack-commons-runtime-3.0.8.jar,file:/Users/sinthellaanpalagan/.m2/repository/org/glassfish/jaxb/jaxb-runtime/2.3.2/stax-ex-1.8.1.jar,file:/Users/sinthellaanpalagan/.m2/repository/org/glassfish/jaxb/jaxb-runtime/2.3.2/FastInfoset-1.2.16.jar,file:/Users/sinthellaanpalagan/.m2/repository/org/glassfish/jaxb/jaxb-runtime/2.3.2/jakarta.activation-api-1.2.1.jar
2023-05-24 10:56:49,264 INFO org.springframework.boot.logging.DeferredLog [restartedMain] Devtools property defaults active! Set 'spring.devtools.add-properties' to 'false' to disable
2023-05-24 10:56:49,264 INFO org.springframework.boot.logging.DeferredLog [restartedMain] For additional web related logging consider setting the 'logging.level.web' property to 'DEBUG'
2023-05-24 10:56:50,764 INFO org.springframework.data.repository.config.RepositoryConfigurationDelegate [restartedMain] Bootstrapping Spring Data JPA repositories in DEFAULT mode.
2023-05-24 10:56:50,868 INFO org.springframework.data.repository.config.RepositoryConfigurationDelegate [restartedMain] Finished Spring Data repository scanning in 90ms. Found 2 JPA repository interfaces.
2023-05-24 10:56:51,539 INFO org.springframework.boot.web.embedded.tomcat.TomcatWebServer [restartedMain] Tomcat initialized with port(s): 8080 (http)
2023-05-24 10:56:51,546 INFO org.apache.juli.logging.DirectJDKLog [restartedMain] Initializing ProtocolHandler ["http-nio-8080"]
2023-05-24 10:56:51,546 INFO org.apache.juli.logging.DirectJDKLog [restartedMain] Starting service [Tomcat]
2023-05-24 10:56:51,547 INFO org.apache.juli.logging.DirectJDKLog [restartedMain] Starting Servlet engine: [Apache Tomcat/9.0.31]
2023-05-24 10:56:51,613 INFO org.apache.juli.logging.DirectJDKLog [restartedMain] Initializing Spring embedded WebApplicationContext
2023-05-24 10:56:51,618 INFO org.springframework.boot.web.servlet.context.ServletWebServerApplicationContext [restartedMain] Root WebApplicationContext: initialization completed in 2353 ms
2023-05-24 10:56:51,742 INFO com.zaxxer.hikari.HikariDataSource [restartedMain] HikariPool-1 - Starting...
2023-05-24 10:56:51,841 INFO com.zaxxer.hikari.HikariDataSource [restartedMain] HikariPool-1 - Start completed.
2023-05-24 10:56:51,846 INFO org.springframework.boot.autoconfigure.h2.H2ConsoleAutoConfiguration [restartedMain] H2 console available at '/h2-console/'. Database available at 'jdbc:h2:mem:chatdb'
2023-05-24 10:56:52,061 INFO org.hibernate.jpa.internal.util.LogHelper [restartedMain] HHH000204: Processing PersistenceUnitInfo [name: default]
2023-05-24 10:56:52,101 INFO org.hibernate.Version [restartedMain] HHH000412: Hibernate ORM core version 5.4.12.Final
2023-05-24 10:56:52,222 INFO org.hibernate.annotations.common.reflection.java.JavaReflectionManager [restartedMain] HCANN000001: Hibernate Commons Annotations {5.1.0.Final}
2023-05-24 10:56:52,286 INFO org.hibernate.dialect.Dialect [restartedMain] HHH000400: Using dialect: org.hibernate.dialect.H2Dialect
2023-05-24 10:56:52,922 INFO org.hibernate.engine.transaction.jta.platform.internal.JtaPlatformInitiator [restartedMain] HHH000490: Using JtaPlatform implementation: [org.hibernate.engine.transaction.jta.platform.internal.NoJtaPlatform]
2023-05-24 10:56:52,926 INFO org.springframework.orm.jpa.AbstractEntityManagerFactoryBean [restartedMain] Initialized JPA EntityManagerFactory for persistence unit 'default'
2023-05-24 10:56:52,978 INFO org.springframework.boot.devtools.autoconfigure.OptionalLiveReloadServer [restartedMain] LiveReload server is running on port 35729
2023-05-24 10:56:53,380 WARN org.springframework.boot.autoconfigure.orm.jpa.JpaBaseConfiguration$JpaWebConfiguration [restartedMain] spring.jpa.open-in-view is enabled by default. Therefore, database queries may be performed during view rendering. Explicitly configure spring.jpa.open-in-view to disable this warning
2023-05-24 10:56:53,534 INFO org.springframework.security.web.DefaultSecurityFilterChain [restartedMain] Creating filter chain: any request, [org.springframework.security.web.context.request.async.WebAsyncManagerIntegrationFilter@30dc284f, org.springframework.security.web.context.SecurityContextPersistenceFilter@665f1711, org.springframework.security.web.header.HeaderWriterFilter@4aa106e3, org.springframework.security.web.csrf.CsrfFilter@25353daa, org.springframework.security.web.authentication.logout.LogoutFilter@6d4b28a1, org.springframework.security.oauth2.client.web.OAuth2AuthorizationRequestRedirectFilter@787c8f94, org.springframework.security.oauth2.client.web.OAuth2LoginAuthenticationFilter@253646f9, org.springframework.security.web.authentication.UsernamePasswordAuthenticationFilter@44dd6dbc, org.springframework.security.web.authentication.www.BasicAuthenticationFilter@4da05748, org.springframework.security.web.savedrequest.RequestCacheAwareFilter@3a7041d2, org.springframework.security.web.servletapi.SecurityContextHolderAwareRequestFilter@4875e32, org.springframework.security.web.authentication.AnonymousAuthenticationFilter@57f21fe6, org.springframework.security.web.session.SessionManagementFilter@73d29861, org.springframework.security.web.access.ExceptionTranslationFilter@5222a0dc, org.springframework.security.web.access.intercept.FilterSecurityInterceptor@79695b4c]
2023-05-24 10:56:53,686 INFO org.springframework.scheduling.concurrent.ExecutorConfigurationSupport [restartedMain] Initializing ExecutorService 'applicationTaskExecutor'
2023-05-24 10:56:53,733 INFO org.springframework.boot.autoconfigure.web.servlet.WelcomePageHandlerMapping [restartedMain] Adding welcome page: class path resource [static/index.html]
2023-05-24 10:56:53,976 INFO org.springframework.boot.actuate.endpoint.web.EndpointLinksResolver [restartedMain] Exposing 2 endpoint(s) beneath base path '/actuator'
2023-05-24 10:56:54,036 INFO org.apache.juli.logging.DirectJDKLog [restartedMain] Starting ProtocolHandler ["http-nio-8080"]
2023-05-24 10:56:54,054 INFO org.springframework.boot.web.embedded.tomcat.TomcatWebServer [restartedMain] Tomcat started on port(s): 8080 (http) with context path ''
2023-05-24 10:56:54,060 INFO org.springframework.boot.StartupInfoLogger [restartedMain] Started Application in 5.419 seconds (JVM running for 6.411)
2023-05-24 10:56:54,394 INFO org.apache.juli.logging.DirectJDKLog [RMI TCP Connection(2)-192.168.178.87] Initializing Spring DispatcherServlet 'dispatcherServlet'
2023-05-24 10:56:54,399 INFO org.springframework.web.servlet.FrameworkServlet [RMI TCP Connection(2)-192.168.178.87] Initializing Servlet 'dispatcherServlet'
2023-05-24 10:56:54,415 INFO org.springframework.web.servlet.FrameworkServlet [RMI TCP Connection(2)-192.168.178.87] Completed initialization in 15 ms
2023-05-24 10:57:10,676 TRACE ch.bbw.pr.sospri.LoginLogoutController [http-nio-8080-exec-6] TRACE: Login request receivede
2023-05-24 10:57:10,677 DEBUG ch.bbw.pr.sospri.LoginLogoutController [http-nio-8080-exec-6] DEBUG: Login request received
2023-05-24 10:57:10,678 INFO ch.bbw.pr.sospri.LoginLogoutController [http-nio-8080-exec-6] INFO: Login request received
2023-05-24 10:57:10,678 ERROR ch.bbw.pr.sospri.LoginLogoutController [http-nio-8080-exec-6] ERROR: Login request failed
2023-05-24 10:57:10,679 WARN ch.bbw.pr.sospri.LoginLogoutController [http-nio-8080-exec-6] Warn: Login request requested.
2023-05-24 10:58:00,968 TRACE ch.bbw.pr.sospri.LoginLogoutController [http-nio-8080-exec-8] TRACE: Login request receivede
2023-05-24 10:58:00,971 DEBUG ch.bbw.pr.sospri.LoginLogoutController [http-nio-8080-exec-8] DEBUG: Login request received
2023-05-24 10:58:00,972 INFO ch.bbw.pr.sospri.LoginLogoutController [http-nio-8080-exec-8] INFO: Login request received
2023-05-24 10:58:00,973 ERROR ch.bbw.pr.sospri.LoginLogoutController [http-nio-8080-exec-8] ERROR: Login request failed
2023-05-24 10:58:00,974 WARN ch.bbw.pr.sospri.LoginLogoutController [http-nio-8080-exec-8] Warn: Login request requested.
2023-05-24 10:58:02,117 TRACE ch.bbw.pr.sospri.LoginLogoutController [http-nio-8080-exec-2] TRACE: Login request receivede
2023-05-24 10:58:02,119 DEBUG ch.bbw.pr.sospri.LoginLogoutController [http-nio-8080-exec-2] DEBUG: Logout request received
2023-05-24 10:58:02,120 INFO ch.bbw.pr.sospri.LoginLogoutController [http-nio-8080-exec-2] INFO: Logout request received
2023-05-24 10:58:02,121 ERROR ch.bbw.pr.sospri.LoginLogoutController [http-nio-8080-exec-2] ERROR: Logout  failed
2023-05-24 10:58:02,122 WARN ch.bbw.pr.sospri.LoginLogoutController [http-nio-8080-exec-2] Warn: Logout requested.
2023-05-24 10:58:06,042 INFO org.springframework.scheduling.concurrent.ExecutorConfigurationSupport [SpringContextShutdownHook] Shutting down ExecutorService 'applicationTaskExecutor'
2023-05-24 10:58:06,047 INFO org.springframework.orm.jpa.AbstractEntityManagerFactoryBean [SpringContextShutdownHook] Closing JPA EntityManagerFactory for persistence unit 'default'
2023-05-24 10:58:06,281 WARN org.springframework.beans.factory.support.DisposableBeanAdapter [SpringContextShutdownHook] Invocation of destroy method failed on bean with name 'inMemoryDatabaseShutdownExecutor': org.h2.jdbc.JdbcSQLNonTransientConnectionException: Die Datenbank wurde bereits geschlossen (um das automatische Schliessen beim Stopp der VM zu deaktivieren, die Datenbank URL mit ";DB_CLOSE_ON_EXIT=FALSE" ergänzen)
Database is already closed (to disable automatic closing at VM shutdown, add ";DB_CLOSE_ON_EXIT=FALSE" to the db URL) [90121-200]
2023-05-24 10:58:06,285 INFO com.zaxxer.hikari.HikariDataSource [SpringContextShutdownHook] HikariPool-1 - Shutdown initiated...
2023-05-24 10:58:06,334 INFO com.zaxxer.hikari.HikariDataSource [SpringContextShutdownHook] HikariPool-1 - Shutdown completed.
