2023-04-15 11:55:18,608 INFO org.springframework.boot.StartupInfoLogger [restartedMain] Starting Application on MacBook-Pro-von-Sinthella.fritz.box with PID 4502 (started by sinthellaanpalagan in /Users/sinthellaanpalagan/Library/CloudStorage/OneDrive-Swisscom/Schule/3.Jahr_2.Semester/Modul 183/SoSpriBasisProjekt_V04)
2023-04-15 11:55:18,613 DEBUG org.springframework.boot.StartupInfoLogger [restartedMain] Running with Spring Boot v2.2.5.RELEASE, Spring v5.2.4.RELEASE
2023-04-15 11:55:18,614 INFO org.springframework.boot.SpringApplication [restartedMain] No active profile set, falling back to default profiles: default
2023-04-15 11:55:18,660 INFO org.springframework.boot.logging.DeferredLog [restartedMain] The Class-Path manifest attribute in /Users/sinthellaanpalagan/.m2/repository/org/glassfish/jaxb/jaxb-runtime/2.3.2/jaxb-runtime-2.3.2.jar referenced one or more files that do not exist: file:/Users/sinthellaanpalagan/.m2/repository/org/glassfish/jaxb/jaxb-runtime/2.3.2/jakarta.xml.bind-api-2.3.2.jar,file:/Users/sinthellaanpalagan/.m2/repository/org/glassfish/jaxb/jaxb-runtime/2.3.2/txw2-2.3.2.jar,file:/Users/sinthellaanpalagan/.m2/repository/org/glassfish/jaxb/jaxb-runtime/2.3.2/istack-commons-runtime-3.0.8.jar,file:/Users/sinthellaanpalagan/.m2/repository/org/glassfish/jaxb/jaxb-runtime/2.3.2/stax-ex-1.8.1.jar,file:/Users/sinthellaanpalagan/.m2/repository/org/glassfish/jaxb/jaxb-runtime/2.3.2/FastInfoset-1.2.16.jar,file:/Users/sinthellaanpalagan/.m2/repository/org/glassfish/jaxb/jaxb-runtime/2.3.2/jakarta.activation-api-1.2.1.jar
2023-04-15 11:55:18,661 INFO org.springframework.boot.logging.DeferredLog [restartedMain] Devtools property defaults active! Set 'spring.devtools.add-properties' to 'false' to disable
2023-04-15 11:55:18,661 INFO org.springframework.boot.logging.DeferredLog [restartedMain] For additional web related logging consider setting the 'logging.level.web' property to 'DEBUG'
2023-04-15 11:55:19,894 INFO org.springframework.data.repository.config.RepositoryConfigurationDelegate [restartedMain] Bootstrapping Spring Data JPA repositories in DEFAULT mode.
2023-04-15 11:55:20,004 INFO org.springframework.data.repository.config.RepositoryConfigurationDelegate [restartedMain] Finished Spring Data repository scanning in 101ms. Found 2 JPA repository interfaces.
2023-04-15 11:55:20,783 INFO org.springframework.boot.web.embedded.tomcat.TomcatWebServer [restartedMain] Tomcat initialized with port(s): 8080 (http)
2023-04-15 11:55:20,790 INFO org.apache.juli.logging.DirectJDKLog [restartedMain] Initializing ProtocolHandler ["http-nio-8080"]
2023-04-15 11:55:20,791 INFO org.apache.juli.logging.DirectJDKLog [restartedMain] Starting service [Tomcat]
2023-04-15 11:55:20,791 INFO org.apache.juli.logging.DirectJDKLog [restartedMain] Starting Servlet engine: [Apache Tomcat/9.0.31]
2023-04-15 11:55:20,853 INFO org.apache.juli.logging.DirectJDKLog [restartedMain] Initializing Spring embedded WebApplicationContext
2023-04-15 11:55:20,854 INFO org.springframework.boot.web.servlet.context.ServletWebServerApplicationContext [restartedMain] Root WebApplicationContext: initialization completed in 2193 ms
2023-04-15 11:55:20,942 INFO com.zaxxer.hikari.HikariDataSource [restartedMain] HikariPool-1 - Starting...
2023-04-15 11:55:21,016 INFO com.zaxxer.hikari.HikariDataSource [restartedMain] HikariPool-1 - Start completed.
2023-04-15 11:55:21,020 INFO org.springframework.boot.autoconfigure.h2.H2ConsoleAutoConfiguration [restartedMain] H2 console available at '/h2-console/'. Database available at 'jdbc:h2:mem:chatdb'
2023-04-15 11:55:21,265 INFO org.hibernate.jpa.internal.util.LogHelper [restartedMain] HHH000204: Processing PersistenceUnitInfo [name: default]
2023-04-15 11:55:21,306 INFO org.hibernate.Version [restartedMain] HHH000412: Hibernate ORM core version 5.4.12.Final
2023-04-15 11:55:21,379 INFO org.hibernate.annotations.common.reflection.java.JavaReflectionManager [restartedMain] HCANN000001: Hibernate Commons Annotations {5.1.0.Final}
2023-04-15 11:55:21,432 INFO org.hibernate.dialect.Dialect [restartedMain] HHH000400: Using dialect: org.hibernate.dialect.H2Dialect
2023-04-15 11:55:21,971 INFO org.hibernate.engine.transaction.jta.platform.internal.JtaPlatformInitiator [restartedMain] HHH000490: Using JtaPlatform implementation: [org.hibernate.engine.transaction.jta.platform.internal.NoJtaPlatform]
2023-04-15 11:55:21,974 INFO org.springframework.orm.jpa.AbstractEntityManagerFactoryBean [restartedMain] Initialized JPA EntityManagerFactory for persistence unit 'default'
2023-04-15 11:55:22,014 INFO org.springframework.boot.devtools.autoconfigure.OptionalLiveReloadServer [restartedMain] LiveReload server is running on port 35729
2023-04-15 11:55:22,429 INFO org.springframework.beans.factory.annotation.AutowiredAnnotationBeanPostProcessor [restartedMain] Autowired annotation is not supported on static fields: private static ch.bbw.pr.sospri.member.MemberRepository ch.bbw.pr.sospri.PasswordResetService.memberRepository
2023-04-15 11:55:22,471 WARN org.springframework.boot.autoconfigure.orm.jpa.JpaBaseConfiguration$JpaWebConfiguration [restartedMain] spring.jpa.open-in-view is enabled by default. Therefore, database queries may be performed during view rendering. Explicitly configure spring.jpa.open-in-view to disable this warning
2023-04-15 11:55:22,586 INFO org.springframework.security.web.DefaultSecurityFilterChain [restartedMain] Creating filter chain: any request, [org.springframework.security.web.context.request.async.WebAsyncManagerIntegrationFilter@7a6617b4, org.springframework.security.web.context.SecurityContextPersistenceFilter@3f6458f2, org.springframework.security.web.header.HeaderWriterFilter@5d28675f, org.springframework.security.web.csrf.CsrfFilter@4c2edec1, org.springframework.security.web.authentication.logout.LogoutFilter@16ea6018, org.springframework.security.web.authentication.UsernamePasswordAuthenticationFilter@56d01c2c, org.springframework.security.web.authentication.www.BasicAuthenticationFilter@50ddfd85, org.springframework.security.web.savedrequest.RequestCacheAwareFilter@19fbcf3a, org.springframework.security.web.servletapi.SecurityContextHolderAwareRequestFilter@55ce3894, org.springframework.security.web.authentication.AnonymousAuthenticationFilter@7b4b511b, org.springframework.security.web.session.SessionManagementFilter@9652283, org.springframework.security.web.access.ExceptionTranslationFilter@64949b01, org.springframework.security.web.access.intercept.FilterSecurityInterceptor@3f280838]
2023-04-15 11:55:22,706 INFO org.springframework.scheduling.concurrent.ExecutorConfigurationSupport [restartedMain] Initializing ExecutorService 'applicationTaskExecutor'
2023-04-15 11:55:22,757 INFO org.springframework.boot.autoconfigure.web.servlet.WelcomePageHandlerMapping [restartedMain] Adding welcome page: class path resource [static/index.html]
2023-04-15 11:55:22,990 INFO org.springframework.boot.actuate.endpoint.web.EndpointLinksResolver [restartedMain] Exposing 2 endpoint(s) beneath base path '/actuator'
2023-04-15 11:55:23,051 INFO org.apache.juli.logging.DirectJDKLog [restartedMain] Starting ProtocolHandler ["http-nio-8080"]
2023-04-15 11:55:23,068 INFO org.springframework.boot.web.embedded.tomcat.TomcatWebServer [restartedMain] Tomcat started on port(s): 8080 (http) with context path ''
2023-04-15 11:55:23,073 INFO org.springframework.boot.StartupInfoLogger [restartedMain] Started Application in 5.049 seconds (JVM running for 5.942)
2023-04-15 11:55:23,602 INFO org.apache.juli.logging.DirectJDKLog [RMI TCP Connection(5)-192.168.178.87] Initializing Spring DispatcherServlet 'dispatcherServlet'
2023-04-15 11:55:23,606 INFO org.springframework.web.servlet.FrameworkServlet [RMI TCP Connection(5)-192.168.178.87] Initializing Servlet 'dispatcherServlet'
2023-04-15 11:55:23,620 INFO org.springframework.web.servlet.FrameworkServlet [RMI TCP Connection(5)-192.168.178.87] Completed initialization in 13 ms
2023-04-15 11:58:02,674 WARN com.zaxxer.hikari.pool.HikariPool$HouseKeeper [HikariPool-1 housekeeper] HikariPool-1 - Thread starvation or clock leap detected (housekeeper delta=1m11s445ms).
2023-04-15 12:13:43,664 WARN com.zaxxer.hikari.pool.HikariPool$HouseKeeper [HikariPool-1 housekeeper] HikariPool-1 - Thread starvation or clock leap detected (housekeeper delta=15m40s992ms).
2023-04-15 12:19:40,008 DEBUG ch.bbw.pr.sospri.RegisterController [http-nio-8080-exec-6] Captcha is correct!
2023-04-15 12:20:01,320 DEBUG ch.bbw.pr.sospri.RegisterController [http-nio-8080-exec-1] Captcha fails
2023-04-15 12:20:01,325 ERROR ch.bbw.pr.sospri.RegisterController [http-nio-8080-exec-1] Captcha failure: Captcha was not correct!
2023-04-15 12:20:09,394 DEBUG ch.bbw.pr.sospri.RegisterController [http-nio-8080-exec-6] Captcha fails
2023-04-15 12:20:09,403 ERROR ch.bbw.pr.sospri.RegisterController [http-nio-8080-exec-6] Captcha failure: Captcha was not correct!
2023-04-15 12:20:40,239 DEBUG ch.bbw.pr.sospri.RegisterController [http-nio-8080-exec-1] Captcha is correct!
2023-04-15 12:20:49,595 INFO org.springframework.scheduling.concurrent.ExecutorConfigurationSupport [SpringContextShutdownHook] Shutting down ExecutorService 'applicationTaskExecutor'
2023-04-15 12:20:49,597 INFO org.springframework.orm.jpa.AbstractEntityManagerFactoryBean [SpringContextShutdownHook] Closing JPA EntityManagerFactory for persistence unit 'default'
2023-04-15 12:20:49,819 WARN org.springframework.beans.factory.support.DisposableBeanAdapter [SpringContextShutdownHook] Invocation of destroy method failed on bean with name 'inMemoryDatabaseShutdownExecutor': org.h2.jdbc.JdbcSQLNonTransientConnectionException: Die Datenbank wurde bereits geschlossen (um das automatische Schliessen beim Stopp der VM zu deaktivieren, die Datenbank URL mit ";DB_CLOSE_ON_EXIT=FALSE" ergänzen)
Database is already closed (to disable automatic closing at VM shutdown, add ";DB_CLOSE_ON_EXIT=FALSE" to the db URL) [90121-200]
2023-04-15 12:20:49,820 INFO com.zaxxer.hikari.HikariDataSource [SpringContextShutdownHook] HikariPool-1 - Shutdown initiated...
2023-04-15 12:20:49,868 INFO com.zaxxer.hikari.HikariDataSource [SpringContextShutdownHook] HikariPool-1 - Shutdown completed.
2023-04-15 12:20:59,577 INFO org.springframework.boot.StartupInfoLogger [restartedMain] Starting Application on MacBook-Pro-von-Sinthella.fritz.box with PID 4683 (started by sinthellaanpalagan in /Users/sinthellaanpalagan/Library/CloudStorage/OneDrive-Swisscom/Schule/3.Jahr_2.Semester/Modul 183/SoSpriBasisProjekt_V04)
2023-04-15 12:20:59,581 DEBUG org.springframework.boot.StartupInfoLogger [restartedMain] Running with Spring Boot v2.2.5.RELEASE, Spring v5.2.4.RELEASE
2023-04-15 12:20:59,584 INFO org.springframework.boot.SpringApplication [restartedMain] No active profile set, falling back to default profiles: default
2023-04-15 12:20:59,627 INFO org.springframework.boot.logging.DeferredLog [restartedMain] The Class-Path manifest attribute in /Users/sinthellaanpalagan/.m2/repository/org/glassfish/jaxb/jaxb-runtime/2.3.2/jaxb-runtime-2.3.2.jar referenced one or more files that do not exist: file:/Users/sinthellaanpalagan/.m2/repository/org/glassfish/jaxb/jaxb-runtime/2.3.2/jakarta.xml.bind-api-2.3.2.jar,file:/Users/sinthellaanpalagan/.m2/repository/org/glassfish/jaxb/jaxb-runtime/2.3.2/txw2-2.3.2.jar,file:/Users/sinthellaanpalagan/.m2/repository/org/glassfish/jaxb/jaxb-runtime/2.3.2/istack-commons-runtime-3.0.8.jar,file:/Users/sinthellaanpalagan/.m2/repository/org/glassfish/jaxb/jaxb-runtime/2.3.2/stax-ex-1.8.1.jar,file:/Users/sinthellaanpalagan/.m2/repository/org/glassfish/jaxb/jaxb-runtime/2.3.2/FastInfoset-1.2.16.jar,file:/Users/sinthellaanpalagan/.m2/repository/org/glassfish/jaxb/jaxb-runtime/2.3.2/jakarta.activation-api-1.2.1.jar
2023-04-15 12:20:59,627 INFO org.springframework.boot.logging.DeferredLog [restartedMain] Devtools property defaults active! Set 'spring.devtools.add-properties' to 'false' to disable
2023-04-15 12:20:59,627 INFO org.springframework.boot.logging.DeferredLog [restartedMain] For additional web related logging consider setting the 'logging.level.web' property to 'DEBUG'
2023-04-15 12:21:00,750 INFO org.springframework.data.repository.config.RepositoryConfigurationDelegate [restartedMain] Bootstrapping Spring Data JPA repositories in DEFAULT mode.
2023-04-15 12:21:00,843 INFO org.springframework.data.repository.config.RepositoryConfigurationDelegate [restartedMain] Finished Spring Data repository scanning in 87ms. Found 2 JPA repository interfaces.
2023-04-15 12:21:01,625 INFO org.springframework.boot.web.embedded.tomcat.TomcatWebServer [restartedMain] Tomcat initialized with port(s): 8080 (http)
2023-04-15 12:21:01,633 INFO org.apache.juli.logging.DirectJDKLog [restartedMain] Initializing ProtocolHandler ["http-nio-8080"]
2023-04-15 12:21:01,633 INFO org.apache.juli.logging.DirectJDKLog [restartedMain] Starting service [Tomcat]
2023-04-15 12:21:01,634 INFO org.apache.juli.logging.DirectJDKLog [restartedMain] Starting Servlet engine: [Apache Tomcat/9.0.31]
2023-04-15 12:21:01,702 INFO org.apache.juli.logging.DirectJDKLog [restartedMain] Initializing Spring embedded WebApplicationContext
2023-04-15 12:21:01,704 INFO org.springframework.boot.web.servlet.context.ServletWebServerApplicationContext [restartedMain] Root WebApplicationContext: initialization completed in 2075 ms
2023-04-15 12:21:01,812 INFO com.zaxxer.hikari.HikariDataSource [restartedMain] HikariPool-1 - Starting...
2023-04-15 12:21:01,900 INFO com.zaxxer.hikari.HikariDataSource [restartedMain] HikariPool-1 - Start completed.
2023-04-15 12:21:01,906 INFO org.springframework.boot.autoconfigure.h2.H2ConsoleAutoConfiguration [restartedMain] H2 console available at '/h2-console/'. Database available at 'jdbc:h2:mem:chatdb'
2023-04-15 12:21:02,143 INFO org.hibernate.jpa.internal.util.LogHelper [restartedMain] HHH000204: Processing PersistenceUnitInfo [name: default]
2023-04-15 12:21:02,186 INFO org.hibernate.Version [restartedMain] HHH000412: Hibernate ORM core version 5.4.12.Final
2023-04-15 12:21:02,253 INFO org.hibernate.annotations.common.reflection.java.JavaReflectionManager [restartedMain] HCANN000001: Hibernate Commons Annotations {5.1.0.Final}
2023-04-15 12:21:02,312 INFO org.hibernate.dialect.Dialect [restartedMain] HHH000400: Using dialect: org.hibernate.dialect.H2Dialect
2023-04-15 12:21:02,853 INFO org.hibernate.engine.transaction.jta.platform.internal.JtaPlatformInitiator [restartedMain] HHH000490: Using JtaPlatform implementation: [org.hibernate.engine.transaction.jta.platform.internal.NoJtaPlatform]
2023-04-15 12:21:02,856 INFO org.springframework.orm.jpa.AbstractEntityManagerFactoryBean [restartedMain] Initialized JPA EntityManagerFactory for persistence unit 'default'
2023-04-15 12:21:02,895 INFO org.springframework.boot.devtools.autoconfigure.OptionalLiveReloadServer [restartedMain] LiveReload server is running on port 35729
2023-04-15 12:21:03,389 INFO org.springframework.beans.factory.annotation.AutowiredAnnotationBeanPostProcessor [restartedMain] Autowired annotation is not supported on static fields: private static ch.bbw.pr.sospri.member.MemberRepository ch.bbw.pr.sospri.PasswordResetService.memberRepository
2023-04-15 12:21:03,458 WARN org.springframework.boot.autoconfigure.orm.jpa.JpaBaseConfiguration$JpaWebConfiguration [restartedMain] spring.jpa.open-in-view is enabled by default. Therefore, database queries may be performed during view rendering. Explicitly configure spring.jpa.open-in-view to disable this warning
2023-04-15 12:21:03,609 INFO org.springframework.security.web.DefaultSecurityFilterChain [restartedMain] Creating filter chain: any request, [org.springframework.security.web.context.request.async.WebAsyncManagerIntegrationFilter@65133046, org.springframework.security.web.context.SecurityContextPersistenceFilter@3161e46b, org.springframework.security.web.header.HeaderWriterFilter@74e6a6a, org.springframework.security.web.csrf.CsrfFilter@40a31acb, org.springframework.security.web.authentication.logout.LogoutFilter@60ecbc0c, org.springframework.security.web.authentication.UsernamePasswordAuthenticationFilter@3df44925, org.springframework.security.web.authentication.www.BasicAuthenticationFilter@53b0540a, org.springframework.security.web.savedrequest.RequestCacheAwareFilter@61aaeaea, org.springframework.security.web.servletapi.SecurityContextHolderAwareRequestFilter@7f9eb993, org.springframework.security.web.authentication.AnonymousAuthenticationFilter@36fc1e7, org.springframework.security.web.session.SessionManagementFilter@255d874c, org.springframework.security.web.access.ExceptionTranslationFilter@5d1b6efb, org.springframework.security.web.access.intercept.FilterSecurityInterceptor@52b39c1f]
2023-04-15 12:21:03,738 INFO org.springframework.scheduling.concurrent.ExecutorConfigurationSupport [restartedMain] Initializing ExecutorService 'applicationTaskExecutor'
2023-04-15 12:21:03,786 INFO org.springframework.boot.autoconfigure.web.servlet.WelcomePageHandlerMapping [restartedMain] Adding welcome page: class path resource [static/index.html]
2023-04-15 12:21:04,009 INFO org.springframework.boot.actuate.endpoint.web.EndpointLinksResolver [restartedMain] Exposing 2 endpoint(s) beneath base path '/actuator'
2023-04-15 12:21:04,070 INFO org.apache.juli.logging.DirectJDKLog [restartedMain] Starting ProtocolHandler ["http-nio-8080"]
2023-04-15 12:21:04,087 INFO org.springframework.boot.web.embedded.tomcat.TomcatWebServer [restartedMain] Tomcat started on port(s): 8080 (http) with context path ''
2023-04-15 12:21:04,091 INFO org.springframework.boot.StartupInfoLogger [restartedMain] Started Application in 5.204 seconds (JVM running for 6.248)
2023-04-15 12:21:04,628 INFO org.apache.juli.logging.DirectJDKLog [RMI TCP Connection(3)-192.168.178.87] Initializing Spring DispatcherServlet 'dispatcherServlet'
2023-04-15 12:21:04,631 INFO org.springframework.web.servlet.FrameworkServlet [RMI TCP Connection(3)-192.168.178.87] Initializing Servlet 'dispatcherServlet'
2023-04-15 12:21:04,647 INFO org.springframework.web.servlet.FrameworkServlet [RMI TCP Connection(3)-192.168.178.87] Completed initialization in 16 ms
2023-04-15 12:28:41,511 INFO org.springframework.scheduling.concurrent.ExecutorConfigurationSupport [SpringContextShutdownHook] Shutting down ExecutorService 'applicationTaskExecutor'
2023-04-15 12:28:41,515 INFO org.springframework.orm.jpa.AbstractEntityManagerFactoryBean [SpringContextShutdownHook] Closing JPA EntityManagerFactory for persistence unit 'default'
2023-04-15 12:28:41,748 WARN org.springframework.beans.factory.support.DisposableBeanAdapter [SpringContextShutdownHook] Invocation of destroy method failed on bean with name 'inMemoryDatabaseShutdownExecutor': org.h2.jdbc.JdbcSQLNonTransientConnectionException: Die Datenbank wurde bereits geschlossen (um das automatische Schliessen beim Stopp der VM zu deaktivieren, die Datenbank URL mit ";DB_CLOSE_ON_EXIT=FALSE" ergänzen)
Database is already closed (to disable automatic closing at VM shutdown, add ";DB_CLOSE_ON_EXIT=FALSE" to the db URL) [90121-200]
2023-04-15 12:28:41,749 INFO com.zaxxer.hikari.HikariDataSource [SpringContextShutdownHook] HikariPool-1 - Shutdown initiated...
2023-04-15 12:28:41,804 INFO com.zaxxer.hikari.HikariDataSource [SpringContextShutdownHook] HikariPool-1 - Shutdown completed.
2023-04-15 12:28:48,548 INFO org.springframework.boot.StartupInfoLogger [restartedMain] Starting Application on MacBook-Pro-von-Sinthella.fritz.box with PID 4741 (started by sinthellaanpalagan in /Users/sinthellaanpalagan/Library/CloudStorage/OneDrive-Swisscom/Schule/3.Jahr_2.Semester/Modul 183/SoSpriBasisProjekt_V04)
2023-04-15 12:28:48,552 DEBUG org.springframework.boot.StartupInfoLogger [restartedMain] Running with Spring Boot v2.2.5.RELEASE, Spring v5.2.4.RELEASE
2023-04-15 12:28:48,556 INFO org.springframework.boot.SpringApplication [restartedMain] No active profile set, falling back to default profiles: default
2023-04-15 12:28:48,601 INFO org.springframework.boot.logging.DeferredLog [restartedMain] The Class-Path manifest attribute in /Users/sinthellaanpalagan/.m2/repository/org/glassfish/jaxb/jaxb-runtime/2.3.2/jaxb-runtime-2.3.2.jar referenced one or more files that do not exist: file:/Users/sinthellaanpalagan/.m2/repository/org/glassfish/jaxb/jaxb-runtime/2.3.2/jakarta.xml.bind-api-2.3.2.jar,file:/Users/sinthellaanpalagan/.m2/repository/org/glassfish/jaxb/jaxb-runtime/2.3.2/txw2-2.3.2.jar,file:/Users/sinthellaanpalagan/.m2/repository/org/glassfish/jaxb/jaxb-runtime/2.3.2/istack-commons-runtime-3.0.8.jar,file:/Users/sinthellaanpalagan/.m2/repository/org/glassfish/jaxb/jaxb-runtime/2.3.2/stax-ex-1.8.1.jar,file:/Users/sinthellaanpalagan/.m2/repository/org/glassfish/jaxb/jaxb-runtime/2.3.2/FastInfoset-1.2.16.jar,file:/Users/sinthellaanpalagan/.m2/repository/org/glassfish/jaxb/jaxb-runtime/2.3.2/jakarta.activation-api-1.2.1.jar
2023-04-15 12:28:48,602 INFO org.springframework.boot.logging.DeferredLog [restartedMain] Devtools property defaults active! Set 'spring.devtools.add-properties' to 'false' to disable
2023-04-15 12:28:48,602 INFO org.springframework.boot.logging.DeferredLog [restartedMain] For additional web related logging consider setting the 'logging.level.web' property to 'DEBUG'
2023-04-15 12:28:50,124 INFO org.springframework.data.repository.config.RepositoryConfigurationDelegate [restartedMain] Bootstrapping Spring Data JPA repositories in DEFAULT mode.
2023-04-15 12:28:50,208 INFO org.springframework.data.repository.config.RepositoryConfigurationDelegate [restartedMain] Finished Spring Data repository scanning in 78ms. Found 2 JPA repository interfaces.
2023-04-15 12:28:50,938 INFO org.springframework.boot.web.embedded.tomcat.TomcatWebServer [restartedMain] Tomcat initialized with port(s): 8080 (http)
2023-04-15 12:28:50,945 INFO org.apache.juli.logging.DirectJDKLog [restartedMain] Initializing ProtocolHandler ["http-nio-8080"]
2023-04-15 12:28:50,946 INFO org.apache.juli.logging.DirectJDKLog [restartedMain] Starting service [Tomcat]
2023-04-15 12:28:50,946 INFO org.apache.juli.logging.DirectJDKLog [restartedMain] Starting Servlet engine: [Apache Tomcat/9.0.31]
2023-04-15 12:28:51,017 INFO org.apache.juli.logging.DirectJDKLog [restartedMain] Initializing Spring embedded WebApplicationContext
2023-04-15 12:28:51,018 INFO org.springframework.boot.web.servlet.context.ServletWebServerApplicationContext [restartedMain] Root WebApplicationContext: initialization completed in 2416 ms
2023-04-15 12:28:51,139 INFO com.zaxxer.hikari.HikariDataSource [restartedMain] HikariPool-1 - Starting...
2023-04-15 12:28:51,227 INFO com.zaxxer.hikari.HikariDataSource [restartedMain] HikariPool-1 - Start completed.
2023-04-15 12:28:51,233 INFO org.springframework.boot.autoconfigure.h2.H2ConsoleAutoConfiguration [restartedMain] H2 console available at '/h2-console/'. Database available at 'jdbc:h2:mem:chatdb'
2023-04-15 12:28:51,472 INFO org.hibernate.jpa.internal.util.LogHelper [restartedMain] HHH000204: Processing PersistenceUnitInfo [name: default]
2023-04-15 12:28:51,508 INFO org.hibernate.Version [restartedMain] HHH000412: Hibernate ORM core version 5.4.12.Final
2023-04-15 12:28:51,581 INFO org.hibernate.annotations.common.reflection.java.JavaReflectionManager [restartedMain] HCANN000001: Hibernate Commons Annotations {5.1.0.Final}
2023-04-15 12:28:51,648 INFO org.hibernate.dialect.Dialect [restartedMain] HHH000400: Using dialect: org.hibernate.dialect.H2Dialect
2023-04-15 12:28:52,264 INFO org.hibernate.engine.transaction.jta.platform.internal.JtaPlatformInitiator [restartedMain] HHH000490: Using JtaPlatform implementation: [org.hibernate.engine.transaction.jta.platform.internal.NoJtaPlatform]
2023-04-15 12:28:52,269 INFO org.springframework.orm.jpa.AbstractEntityManagerFactoryBean [restartedMain] Initialized JPA EntityManagerFactory for persistence unit 'default'
2023-04-15 12:28:52,319 INFO org.springframework.boot.devtools.autoconfigure.OptionalLiveReloadServer [restartedMain] LiveReload server is running on port 35729
2023-04-15 12:28:52,868 INFO org.springframework.beans.factory.annotation.AutowiredAnnotationBeanPostProcessor [restartedMain] Autowired annotation is not supported on static fields: private static ch.bbw.pr.sospri.member.MemberRepository ch.bbw.pr.sospri.PasswordResetService.memberRepository
2023-04-15 12:28:52,931 WARN org.springframework.boot.autoconfigure.orm.jpa.JpaBaseConfiguration$JpaWebConfiguration [restartedMain] spring.jpa.open-in-view is enabled by default. Therefore, database queries may be performed during view rendering. Explicitly configure spring.jpa.open-in-view to disable this warning
2023-04-15 12:28:53,084 INFO org.springframework.security.web.DefaultSecurityFilterChain [restartedMain] Creating filter chain: any request, [org.springframework.security.web.context.request.async.WebAsyncManagerIntegrationFilter@6a00d2ac, org.springframework.security.web.context.SecurityContextPersistenceFilter@3d03580f, org.springframework.security.web.header.HeaderWriterFilter@57d8acc9, org.springframework.security.web.csrf.CsrfFilter@7a4170ca, org.springframework.security.web.authentication.logout.LogoutFilter@4694c305, org.springframework.security.web.authentication.UsernamePasswordAuthenticationFilter@29ba09fa, org.springframework.security.web.authentication.www.BasicAuthenticationFilter@2ca99b4, org.springframework.security.web.savedrequest.RequestCacheAwareFilter@30bfff3a, org.springframework.security.web.servletapi.SecurityContextHolderAwareRequestFilter@6247349b, org.springframework.security.web.authentication.AnonymousAuthenticationFilter@67dc01fb, org.springframework.security.web.session.SessionManagementFilter@3cfaa236, org.springframework.security.web.access.ExceptionTranslationFilter@155c3d8, org.springframework.security.web.access.intercept.FilterSecurityInterceptor@5068339f]
2023-04-15 12:28:53,246 INFO org.springframework.scheduling.concurrent.ExecutorConfigurationSupport [restartedMain] Initializing ExecutorService 'applicationTaskExecutor'
2023-04-15 12:28:53,307 INFO org.springframework.boot.autoconfigure.web.servlet.WelcomePageHandlerMapping [restartedMain] Adding welcome page: class path resource [static/index.html]
2023-04-15 12:28:53,581 INFO org.springframework.boot.actuate.endpoint.web.EndpointLinksResolver [restartedMain] Exposing 2 endpoint(s) beneath base path '/actuator'
2023-04-15 12:28:53,660 INFO org.apache.juli.logging.DirectJDKLog [restartedMain] Starting ProtocolHandler ["http-nio-8080"]
2023-04-15 12:28:53,679 INFO org.springframework.boot.web.embedded.tomcat.TomcatWebServer [restartedMain] Tomcat started on port(s): 8080 (http) with context path ''
2023-04-15 12:28:53,685 INFO org.springframework.boot.StartupInfoLogger [restartedMain] Started Application in 5.883 seconds (JVM running for 6.927)
2023-04-15 12:28:54,021 INFO org.apache.juli.logging.DirectJDKLog [RMI TCP Connection(4)-192.168.178.87] Initializing Spring DispatcherServlet 'dispatcherServlet'
2023-04-15 12:28:54,026 INFO org.springframework.web.servlet.FrameworkServlet [RMI TCP Connection(4)-192.168.178.87] Initializing Servlet 'dispatcherServlet'
2023-04-15 12:28:54,048 INFO org.springframework.web.servlet.FrameworkServlet [RMI TCP Connection(4)-192.168.178.87] Completed initialization in 20 ms
2023-04-15 12:28:54,727 TRACE ch.bbw.pr.sospri.LoginLogoutController [http-nio-8080-exec-2] TRACE: Login request receivede
2023-04-15 12:28:54,728 DEBUG ch.bbw.pr.sospri.LoginLogoutController [http-nio-8080-exec-2] DEBUG: Login request received
2023-04-15 12:28:54,728 INFO ch.bbw.pr.sospri.LoginLogoutController [http-nio-8080-exec-2] INFO: Login request received
2023-04-15 12:28:54,728 ERROR ch.bbw.pr.sospri.LoginLogoutController [http-nio-8080-exec-2] ERROR: Login request failed
2023-04-15 12:28:54,728 WARN ch.bbw.pr.sospri.LoginLogoutController [http-nio-8080-exec-2] Warn: Login request requested.
2023-04-15 12:29:22,416 DEBUG ch.bbw.pr.sospri.RegisterController [http-nio-8080-exec-1] Captcha fails
2023-04-15 12:29:22,416 ERROR ch.bbw.pr.sospri.RegisterController [http-nio-8080-exec-1] Captcha failure: Captcha was not correct!
2023-04-15 12:33:09,450 INFO org.springframework.scheduling.concurrent.ExecutorConfigurationSupport [SpringContextShutdownHook] Shutting down ExecutorService 'applicationTaskExecutor'
2023-04-15 12:33:09,455 INFO org.springframework.orm.jpa.AbstractEntityManagerFactoryBean [SpringContextShutdownHook] Closing JPA EntityManagerFactory for persistence unit 'default'
2023-04-15 12:33:09,754 WARN org.springframework.beans.factory.support.DisposableBeanAdapter [SpringContextShutdownHook] Invocation of destroy method failed on bean with name 'inMemoryDatabaseShutdownExecutor': org.h2.jdbc.JdbcSQLNonTransientConnectionException: Die Datenbank wurde bereits geschlossen (um das automatische Schliessen beim Stopp der VM zu deaktivieren, die Datenbank URL mit ";DB_CLOSE_ON_EXIT=FALSE" ergänzen)
Database is already closed (to disable automatic closing at VM shutdown, add ";DB_CLOSE_ON_EXIT=FALSE" to the db URL) [90121-200]
2023-04-15 12:33:09,756 INFO com.zaxxer.hikari.HikariDataSource [SpringContextShutdownHook] HikariPool-1 - Shutdown initiated...
2023-04-15 12:33:09,812 INFO com.zaxxer.hikari.HikariDataSource [SpringContextShutdownHook] HikariPool-1 - Shutdown completed.
2023-04-15 12:33:14,048 INFO org.springframework.boot.StartupInfoLogger [restartedMain] Starting Application on MacBook-Pro-von-Sinthella.fritz.box with PID 4778 (started by sinthellaanpalagan in /Users/sinthellaanpalagan/Library/CloudStorage/OneDrive-Swisscom/Schule/3.Jahr_2.Semester/Modul 183/SoSpriBasisProjekt_V04)
2023-04-15 12:33:14,051 DEBUG org.springframework.boot.StartupInfoLogger [restartedMain] Running with Spring Boot v2.2.5.RELEASE, Spring v5.2.4.RELEASE
2023-04-15 12:33:14,054 INFO org.springframework.boot.SpringApplication [restartedMain] No active profile set, falling back to default profiles: default
2023-04-15 12:33:14,105 INFO org.springframework.boot.logging.DeferredLog [restartedMain] The Class-Path manifest attribute in /Users/sinthellaanpalagan/.m2/repository/org/glassfish/jaxb/jaxb-runtime/2.3.2/jaxb-runtime-2.3.2.jar referenced one or more files that do not exist: file:/Users/sinthellaanpalagan/.m2/repository/org/glassfish/jaxb/jaxb-runtime/2.3.2/jakarta.xml.bind-api-2.3.2.jar,file:/Users/sinthellaanpalagan/.m2/repository/org/glassfish/jaxb/jaxb-runtime/2.3.2/txw2-2.3.2.jar,file:/Users/sinthellaanpalagan/.m2/repository/org/glassfish/jaxb/jaxb-runtime/2.3.2/istack-commons-runtime-3.0.8.jar,file:/Users/sinthellaanpalagan/.m2/repository/org/glassfish/jaxb/jaxb-runtime/2.3.2/stax-ex-1.8.1.jar,file:/Users/sinthellaanpalagan/.m2/repository/org/glassfish/jaxb/jaxb-runtime/2.3.2/FastInfoset-1.2.16.jar,file:/Users/sinthellaanpalagan/.m2/repository/org/glassfish/jaxb/jaxb-runtime/2.3.2/jakarta.activation-api-1.2.1.jar
2023-04-15 12:33:14,106 INFO org.springframework.boot.logging.DeferredLog [restartedMain] Devtools property defaults active! Set 'spring.devtools.add-properties' to 'false' to disable
2023-04-15 12:33:14,106 INFO org.springframework.boot.logging.DeferredLog [restartedMain] For additional web related logging consider setting the 'logging.level.web' property to 'DEBUG'
2023-04-15 12:33:15,495 INFO org.springframework.data.repository.config.RepositoryConfigurationDelegate [restartedMain] Bootstrapping Spring Data JPA repositories in DEFAULT mode.
2023-04-15 12:33:15,577 INFO org.springframework.data.repository.config.RepositoryConfigurationDelegate [restartedMain] Finished Spring Data repository scanning in 76ms. Found 2 JPA repository interfaces.
2023-04-15 12:33:16,374 INFO org.springframework.boot.web.embedded.tomcat.TomcatWebServer [restartedMain] Tomcat initialized with port(s): 8080 (http)
2023-04-15 12:33:16,381 INFO org.apache.juli.logging.DirectJDKLog [restartedMain] Initializing ProtocolHandler ["http-nio-8080"]
2023-04-15 12:33:16,381 INFO org.apache.juli.logging.DirectJDKLog [restartedMain] Starting service [Tomcat]
2023-04-15 12:33:16,381 INFO org.apache.juli.logging.DirectJDKLog [restartedMain] Starting Servlet engine: [Apache Tomcat/9.0.31]
2023-04-15 12:33:16,450 INFO org.apache.juli.logging.DirectJDKLog [restartedMain] Initializing Spring embedded WebApplicationContext
2023-04-15 12:33:16,451 INFO org.springframework.boot.web.servlet.context.ServletWebServerApplicationContext [restartedMain] Root WebApplicationContext: initialization completed in 2344 ms
2023-04-15 12:33:16,576 INFO com.zaxxer.hikari.HikariDataSource [restartedMain] HikariPool-1 - Starting...
2023-04-15 12:33:16,659 INFO com.zaxxer.hikari.HikariDataSource [restartedMain] HikariPool-1 - Start completed.
2023-04-15 12:33:16,664 INFO org.springframework.boot.autoconfigure.h2.H2ConsoleAutoConfiguration [restartedMain] H2 console available at '/h2-console/'. Database available at 'jdbc:h2:mem:chatdb'
2023-04-15 12:33:16,862 INFO org.hibernate.jpa.internal.util.LogHelper [restartedMain] HHH000204: Processing PersistenceUnitInfo [name: default]
2023-04-15 12:33:16,897 INFO org.hibernate.Version [restartedMain] HHH000412: Hibernate ORM core version 5.4.12.Final
2023-04-15 12:33:16,953 INFO org.hibernate.annotations.common.reflection.java.JavaReflectionManager [restartedMain] HCANN000001: Hibernate Commons Annotations {5.1.0.Final}
2023-04-15 12:33:17,006 INFO org.hibernate.dialect.Dialect [restartedMain] HHH000400: Using dialect: org.hibernate.dialect.H2Dialect
2023-04-15 12:33:17,548 INFO org.hibernate.engine.transaction.jta.platform.internal.JtaPlatformInitiator [restartedMain] HHH000490: Using JtaPlatform implementation: [org.hibernate.engine.transaction.jta.platform.internal.NoJtaPlatform]
2023-04-15 12:33:17,552 INFO org.springframework.orm.jpa.AbstractEntityManagerFactoryBean [restartedMain] Initialized JPA EntityManagerFactory for persistence unit 'default'
2023-04-15 12:33:17,595 INFO org.springframework.boot.devtools.autoconfigure.OptionalLiveReloadServer [restartedMain] LiveReload server is running on port 35729
2023-04-15 12:33:18,008 INFO org.springframework.beans.factory.annotation.AutowiredAnnotationBeanPostProcessor [restartedMain] Autowired annotation is not supported on static fields: private static ch.bbw.pr.sospri.member.MemberRepository ch.bbw.pr.sospri.PasswordResetService.memberRepository
2023-04-15 12:33:18,071 WARN org.springframework.boot.autoconfigure.orm.jpa.JpaBaseConfiguration$JpaWebConfiguration [restartedMain] spring.jpa.open-in-view is enabled by default. Therefore, database queries may be performed during view rendering. Explicitly configure spring.jpa.open-in-view to disable this warning
2023-04-15 12:33:18,212 INFO org.springframework.security.web.DefaultSecurityFilterChain [restartedMain] Creating filter chain: any request, [org.springframework.security.web.context.request.async.WebAsyncManagerIntegrationFilter@5dd4d4aa, org.springframework.security.web.context.SecurityContextPersistenceFilter@9a2766, org.springframework.security.web.header.HeaderWriterFilter@5deb0e77, org.springframework.security.web.csrf.CsrfFilter@16c16cbf, org.springframework.security.web.authentication.logout.LogoutFilter@432fc641, org.springframework.security.web.authentication.UsernamePasswordAuthenticationFilter@1bcb6e71, org.springframework.security.web.authentication.www.BasicAuthenticationFilter@f83a386, org.springframework.security.web.savedrequest.RequestCacheAwareFilter@6cc29632, org.springframework.security.web.servletapi.SecurityContextHolderAwareRequestFilter@1eaa75d8, org.springframework.security.web.authentication.AnonymousAuthenticationFilter@38bded5c, org.springframework.security.web.session.SessionManagementFilter@45dd1a3a, org.springframework.security.web.access.ExceptionTranslationFilter@dc7053b, org.springframework.security.web.access.intercept.FilterSecurityInterceptor@657beff6]
2023-04-15 12:33:18,342 INFO org.springframework.scheduling.concurrent.ExecutorConfigurationSupport [restartedMain] Initializing ExecutorService 'applicationTaskExecutor'
2023-04-15 12:33:18,395 INFO org.springframework.boot.autoconfigure.web.servlet.WelcomePageHandlerMapping [restartedMain] Adding welcome page: class path resource [static/index.html]
2023-04-15 12:33:18,646 INFO org.springframework.boot.actuate.endpoint.web.EndpointLinksResolver [restartedMain] Exposing 2 endpoint(s) beneath base path '/actuator'
2023-04-15 12:33:18,717 INFO org.apache.juli.logging.DirectJDKLog [restartedMain] Starting ProtocolHandler ["http-nio-8080"]
2023-04-15 12:33:18,737 INFO org.springframework.boot.web.embedded.tomcat.TomcatWebServer [restartedMain] Tomcat started on port(s): 8080 (http) with context path ''
2023-04-15 12:33:18,743 INFO org.springframework.boot.StartupInfoLogger [restartedMain] Started Application in 5.618 seconds (JVM running for 6.598)
2023-04-15 12:33:19,187 INFO org.apache.juli.logging.DirectJDKLog [RMI TCP Connection(2)-192.168.178.87] Initializing Spring DispatcherServlet 'dispatcherServlet'
2023-04-15 12:33:19,190 INFO org.springframework.web.servlet.FrameworkServlet [RMI TCP Connection(2)-192.168.178.87] Initializing Servlet 'dispatcherServlet'
2023-04-15 12:33:19,208 INFO org.springframework.web.servlet.FrameworkServlet [RMI TCP Connection(2)-192.168.178.87] Completed initialization in 18 ms
2023-04-15 12:33:19,669 TRACE ch.bbw.pr.sospri.LoginLogoutController [http-nio-8080-exec-2] TRACE: Login request receivede
2023-04-15 12:33:19,670 DEBUG ch.bbw.pr.sospri.LoginLogoutController [http-nio-8080-exec-2] DEBUG: Login request received
2023-04-15 12:33:19,671 INFO ch.bbw.pr.sospri.LoginLogoutController [http-nio-8080-exec-2] INFO: Login request received
2023-04-15 12:33:19,671 ERROR ch.bbw.pr.sospri.LoginLogoutController [http-nio-8080-exec-2] ERROR: Login request failed
2023-04-15 12:33:19,671 WARN ch.bbw.pr.sospri.LoginLogoutController [http-nio-8080-exec-2] Warn: Login request requested.
2023-04-15 12:34:16,071 DEBUG ch.bbw.pr.sospri.RegisterController [http-nio-8080-exec-2] Captcha is correct!
2023-04-15 12:42:02,603 TRACE ch.bbw.pr.sospri.LoginLogoutController [http-nio-8080-exec-10] TRACE: Login request receivede
2023-04-15 12:42:02,606 DEBUG ch.bbw.pr.sospri.LoginLogoutController [http-nio-8080-exec-10] DEBUG: Login request received
2023-04-15 12:42:02,606 INFO ch.bbw.pr.sospri.LoginLogoutController [http-nio-8080-exec-10] INFO: Login request received
2023-04-15 12:42:02,606 ERROR ch.bbw.pr.sospri.LoginLogoutController [http-nio-8080-exec-10] ERROR: Login request failed
2023-04-15 12:42:02,607 WARN ch.bbw.pr.sospri.LoginLogoutController [http-nio-8080-exec-10] Warn: Login request requested.
2023-04-15 13:41:50,879 WARN com.zaxxer.hikari.pool.HikariPool$HouseKeeper [HikariPool-1 housekeeper] HikariPool-1 - Thread starvation or clock leap detected (housekeeper delta=1m3s505ms).
2023-04-15 13:51:20,546 WARN com.zaxxer.hikari.pool.HikariPool$HouseKeeper [HikariPool-1 housekeeper] HikariPool-1 - Thread starvation or clock leap detected (housekeeper delta=8m59s659ms).
2023-04-15 13:58:27,043 WARN com.zaxxer.hikari.pool.HikariPool$HouseKeeper [HikariPool-1 housekeeper] HikariPool-1 - Thread starvation or clock leap detected (housekeeper delta=7m6s497ms).
2023-04-15 14:19:24,674 WARN com.zaxxer.hikari.pool.HikariPool$HouseKeeper [HikariPool-1 housekeeper] HikariPool-1 - Thread starvation or clock leap detected (housekeeper delta=15m56s660ms).
2023-04-15 14:50:00,486 WARN com.zaxxer.hikari.pool.HikariPool$HouseKeeper [HikariPool-1 housekeeper] HikariPool-1 - Thread starvation or clock leap detected (housekeeper delta=5m30s924ms).
2023-04-15 15:08:24,478 WARN com.zaxxer.hikari.pool.HikariPool$HouseKeeper [HikariPool-1 housekeeper] HikariPool-1 - Thread starvation or clock leap detected (housekeeper delta=17m53s969ms).
2023-04-15 15:31:44,087 WARN com.zaxxer.hikari.pool.HikariPool$HouseKeeper [HikariPool-1 housekeeper] HikariPool-1 - Thread starvation or clock leap detected (housekeeper delta=16m19s500ms).
2023-04-15 15:42:09,359 WARN com.zaxxer.hikari.pool.HikariPool$HouseKeeper [HikariPool-1 housekeeper] HikariPool-1 - Thread starvation or clock leap detected (housekeeper delta=9m25s235ms).
2023-04-15 15:53:21,409 WARN com.zaxxer.hikari.pool.HikariPool$HouseKeeper [HikariPool-1 housekeeper] HikariPool-1 - Thread starvation or clock leap detected (housekeeper delta=8m42s19ms).
2023-04-15 16:09:02,879 WARN com.zaxxer.hikari.pool.HikariPool$HouseKeeper [HikariPool-1 housekeeper] HikariPool-1 - Thread starvation or clock leap detected (housekeeper delta=15m41s470ms).
2023-04-15 16:27:52,574 WARN com.zaxxer.hikari.pool.HikariPool$HouseKeeper [HikariPool-1 housekeeper] HikariPool-1 - Thread starvation or clock leap detected (housekeeper delta=16m49s681ms).
2023-04-15 16:34:47,317 WARN com.zaxxer.hikari.pool.HikariPool$HouseKeeper [HikariPool-1 housekeeper] HikariPool-1 - Thread starvation or clock leap detected (housekeeper delta=6m24s727ms).
2023-04-15 16:53:48,545 WARN com.zaxxer.hikari.pool.HikariPool$HouseKeeper [HikariPool-1 housekeeper] HikariPool-1 - Thread starvation or clock leap detected (housekeeper delta=16m30s630ms).
2023-04-15 17:02:08,954 WARN com.zaxxer.hikari.pool.HikariPool$HouseKeeper [HikariPool-1 housekeeper] HikariPool-1 - Thread starvation or clock leap detected (housekeeper delta=7m50s398ms).
2023-04-15 17:09:20,818 WARN com.zaxxer.hikari.pool.HikariPool$HouseKeeper [HikariPool-1 housekeeper] HikariPool-1 - Thread starvation or clock leap detected (housekeeper delta=7m11s861ms).
2023-04-15 17:48:01,311 WARN com.zaxxer.hikari.pool.HikariPool$HouseKeeper [HikariPool-1 housekeeper] HikariPool-1 - Thread starvation or clock leap detected (housekeeper delta=38m40s496ms).
2023-04-15 18:41:52,713 WARN com.zaxxer.hikari.pool.HikariPool$HouseKeeper [HikariPool-1 housekeeper] HikariPool-1 - Thread starvation or clock leap detected (housekeeper delta=53m51s402ms).
2023-04-15 18:45:59,340 WARN com.zaxxer.hikari.pool.HikariPool$HouseKeeper [HikariPool-1 housekeeper] HikariPool-1 - Thread starvation or clock leap detected (housekeeper delta=4m6s628ms).
2023-04-15 19:36:38,273 WARN com.zaxxer.hikari.pool.HikariPool$HouseKeeper [HikariPool-1 housekeeper] HikariPool-1 - Thread starvation or clock leap detected (housekeeper delta=50m38s933ms).
2023-04-15 20:11:17,178 WARN com.zaxxer.hikari.pool.HikariPool$HouseKeeper [HikariPool-1 housekeeper] HikariPool-1 - Thread starvation or clock leap detected (housekeeper delta=34m38s905ms).
2023-04-15 20:40:39,076 WARN com.zaxxer.hikari.pool.HikariPool$HouseKeeper [HikariPool-1 housekeeper] HikariPool-1 - Thread starvation or clock leap detected (housekeeper delta=27m21s873ms).
2023-04-15 20:57:32,401 WARN com.zaxxer.hikari.pool.HikariPool$HouseKeeper [HikariPool-1 housekeeper] HikariPool-1 - Thread starvation or clock leap detected (housekeeper delta=16m53s326ms).
2023-04-15 21:25:25,168 WARN com.zaxxer.hikari.pool.HikariPool$HouseKeeper [HikariPool-1 housekeeper] HikariPool-1 - Thread starvation or clock leap detected (housekeeper delta=27m52s764ms).
2023-04-15 21:27:34,279 WARN com.zaxxer.hikari.pool.HikariPool$HouseKeeper [HikariPool-1 housekeeper] HikariPool-1 - Thread starvation or clock leap detected (housekeeper delta=2m9s112ms).
2023-04-15 21:57:48,076 WARN com.zaxxer.hikari.pool.HikariPool$HouseKeeper [HikariPool-1 housekeeper] HikariPool-1 - Thread starvation or clock leap detected (housekeeper delta=30m13s799ms).
2023-04-15 22:12:04,914 WARN com.zaxxer.hikari.pool.HikariPool$HouseKeeper [HikariPool-1 housekeeper] HikariPool-1 - Thread starvation or clock leap detected (housekeeper delta=14m16s837ms).
2023-04-15 22:50:37,609 WARN com.zaxxer.hikari.pool.HikariPool$HouseKeeper [HikariPool-1 housekeeper] HikariPool-1 - Thread starvation or clock leap detected (housekeeper delta=38m32s695ms).
2023-04-15 22:57:06,677 WARN com.zaxxer.hikari.pool.HikariPool$HouseKeeper [HikariPool-1 housekeeper] HikariPool-1 - Thread starvation or clock leap detected (housekeeper delta=6m29s69ms).
2023-04-15 23:34:42,699 WARN com.zaxxer.hikari.pool.HikariPool$HouseKeeper [HikariPool-1 housekeeper] HikariPool-1 - Thread starvation or clock leap detected (housekeeper delta=37m36s22ms).
